<?xml version="1.0" encoding="UTF-8"?>
<!-- Generated by org.testng.reporters.JUnitReportReporter -->
<testsuite hostname="DESKTOP-K0PILNR" failures="0" tests="5" name="com.api.auto.testcase.TC_API_Login" time="0.930" errors="0" timestamp="2023-05-19T01:00:41 ICT" skipped="0">
  <testcase classname="com.api.auto.testcase.TC_API_Login" name="TC01_Validate200Ok" time="0.008"/>
  <system-out/>
  <testcase classname="com.api.auto.testcase.TC_API_Login" name="TC02_ValidateMessage" time="0.408"/>
  <system-out/>
  <testcase classname="com.api.auto.testcase.TC_API_Login" name="TC03_ValidateToken" time="0.484"/>
  <system-out/>
  <testcase classname="com.api.auto.testcase.TC_API_Login" name="TC05_ValidateUserType" time="0.012"/>
  <system-out/>
  <testcase classname="com.api.auto.testcase.TC_API_Login" name="TC06_ValidateAccount" time="0.018"/>
  <system-out/>
</testsuite> <!-- com.api.auto.testcase.TC_API_Login -->
